{"C:\\Projects\\DOTNET\\Assignments\\K3U1-PictureGalleryWebsite\\js\\dataService.js": {"path":"C:\\Projects\\DOTNET\\Assignments\\K3U1-PictureGalleryWebsite\\js\\dataService.js","statementMap":{"0":{"start":{"line":1,"column":0},"end":{"line":19,"column":3}},"1":{"start":{"line":2,"column":2},"end":{"line":8,"column":3}},"2":{"start":{"line":4,"column":4},"end":{"line":4,"column":31}},"3":{"start":{"line":7,"column":4},"end":{"line":7,"column":33}},"4":{"start":{"line":11,"column":21},"end":{"line":11,"column":52}},"5":{"start":{"line":12,"column":4},"end":{"line":14,"column":5}},"6":{"start":{"line":13,"column":6},"end":{"line":13,"column":46}},"7":{"start":{"line":15,"column":4},"end":{"line":15,"column":27}},"8":{"start":{"line":18,"column":2},"end":{"line":18,"column":25}}},"fnMap":{"0":{"name":"(anonymous_0)","decl":{"start":{"line":1,"column":1},"end":{"line":1,"column":2}},"loc":{"start":{"line":1,"column":26},"end":{"line":9,"column":1}},"line":1},"1":{"name":"(anonymous_1)","decl":{"start":{"line":9,"column":46},"end":{"line":9,"column":47}},"loc":{"start":{"line":9,"column":58},"end":{"line":19,"column":1}},"line":9},"2":{"name":"fetchImages","decl":{"start":{"line":10,"column":17},"end":{"line":10,"column":28}},"loc":{"start":{"line":10,"column":31},"end":{"line":16,"column":3}},"line":10}},"branchMap":{"0":{"loc":{"start":{"line":2,"column":2},"end":{"line":8,"column":3}},"type":"if","locations":[{"start":{"line":2,"column":2},"end":{"line":8,"column":3}},{"start":{"line":5,"column":9},"end":{"line":8,"column":3}}],"line":2},"1":{"loc":{"start":{"line":2,"column":6},"end":{"line":2,"column":53}},"type":"binary-expr","locations":[{"start":{"line":2,"column":6},"end":{"line":2,"column":35}},{"start":{"line":2,"column":39},"end":{"line":2,"column":53}}],"line":2},"2":{"loc":{"start":{"line":9,"column":3},"end":{"line":9,"column":44}},"type":"cond-expr","locations":[{"start":{"line":9,"column":33},"end":{"line":9,"column":37}},{"start":{"line":9,"column":40},"end":{"line":9,"column":44}}],"line":9},"3":{"loc":{"start":{"line":12,"column":4},"end":{"line":14,"column":5}},"type":"if","locations":[{"start":{"line":12,"column":4},"end":{"line":14,"column":5}},{"start":{},"end":{}}],"line":12}},"s":{"0":1,"1":1,"2":1,"3":0,"4":3,"5":2,"6":1,"7":1,"8":1},"f":{"0":1,"1":1,"2":3},"b":{"0":[1,0],"1":[1,1],"2":[0,1],"3":[1,1]},"_coverageSchema":"1a1c01bbd47fc00a2c39e90264f33305004495a9","hash":"31b02bd23b84dbea76d70dc66c83f8a943280cbc"}
,"C:\\Projects\\DOTNET\\Assignments\\K3U1-PictureGalleryWebsite\\js\\filterService.js": {"path":"C:\\Projects\\DOTNET\\Assignments\\K3U1-PictureGalleryWebsite\\js\\filterService.js","statementMap":{"0":{"start":{"line":1,"column":0},"end":{"line":34,"column":3}},"1":{"start":{"line":2,"column":2},"end":{"line":8,"column":3}},"2":{"start":{"line":4,"column":4},"end":{"line":4,"column":31}},"3":{"start":{"line":7,"column":4},"end":{"line":7,"column":35}},"4":{"start":{"line":11,"column":4},"end":{"line":11,"column":42}},"5":{"start":{"line":11,"column":28},"end":{"line":11,"column":42}},"6":{"start":{"line":12,"column":4},"end":{"line":12,"column":59}},"7":{"start":{"line":12,"column":32},"end":{"line":12,"column":57}},"8":{"start":{"line":17,"column":4},"end":{"line":17,"column":30}},"9":{"start":{"line":17,"column":16},"end":{"line":17,"column":30}},"10":{"start":{"line":18,"column":14},"end":{"line":18,"column":33}},"11":{"start":{"line":19,"column":4},"end":{"line":21,"column":6}},"12":{"start":{"line":20,"column":6},"end":{"line":20,"column":57}},"13":{"start":{"line":20,"column":27},"end":{"line":20,"column":56}},"14":{"start":{"line":26,"column":4},"end":{"line":26,"column":69}},"15":{"start":{"line":29,"column":2},"end":{"line":33,"column":4}}},"fnMap":{"0":{"name":"(anonymous_0)","decl":{"start":{"line":1,"column":1},"end":{"line":1,"column":2}},"loc":{"start":{"line":1,"column":26},"end":{"line":9,"column":1}},"line":1},"1":{"name":"(anonymous_1)","decl":{"start":{"line":9,"column":46},"end":{"line":9,"column":47}},"loc":{"start":{"line":9,"column":58},"end":{"line":34,"column":1}},"line":9},"2":{"name":"filterByCategory","decl":{"start":{"line":10,"column":11},"end":{"line":10,"column":27}},"loc":{"start":{"line":10,"column":46},"end":{"line":13,"column":3}},"line":10},"3":{"name":"(anonymous_3)","decl":{"start":{"line":12,"column":25},"end":{"line":12,"column":26}},"loc":{"start":{"line":12,"column":32},"end":{"line":12,"column":57}},"line":12},"4":{"name":"filterBySearch","decl":{"start":{"line":16,"column":11},"end":{"line":16,"column":25}},"loc":{"start":{"line":16,"column":41},"end":{"line":22,"column":3}},"line":16},"5":{"name":"(anonymous_5)","decl":{"start":{"line":19,"column":25},"end":{"line":19,"column":26}},"loc":{"start":{"line":20,"column":6},"end":{"line":20,"column":57}},"line":20},"6":{"name":"(anonymous_6)","decl":{"start":{"line":20,"column":20},"end":{"line":20,"column":21}},"loc":{"start":{"line":20,"column":27},"end":{"line":20,"column":56}},"line":20},"7":{"name":"filterImages","decl":{"start":{"line":25,"column":11},"end":{"line":25,"column":23}},"loc":{"start":{"line":25,"column":49},"end":{"line":27,"column":3}},"line":25}},"branchMap":{"0":{"loc":{"start":{"line":2,"column":2},"end":{"line":8,"column":3}},"type":"if","locations":[{"start":{"line":2,"column":2},"end":{"line":8,"column":3}},{"start":{"line":5,"column":9},"end":{"line":8,"column":3}}],"line":2},"1":{"loc":{"start":{"line":2,"column":6},"end":{"line":2,"column":53}},"type":"binary-expr","locations":[{"start":{"line":2,"column":6},"end":{"line":2,"column":35}},{"start":{"line":2,"column":39},"end":{"line":2,"column":53}}],"line":2},"2":{"loc":{"start":{"line":9,"column":3},"end":{"line":9,"column":44}},"type":"cond-expr","locations":[{"start":{"line":9,"column":33},"end":{"line":9,"column":37}},{"start":{"line":9,"column":40},"end":{"line":9,"column":44}}],"line":9},"3":{"loc":{"start":{"line":11,"column":4},"end":{"line":11,"column":42}},"type":"if","locations":[{"start":{"line":11,"column":4},"end":{"line":11,"column":42}},{"start":{},"end":{}}],"line":11},"4":{"loc":{"start":{"line":17,"column":4},"end":{"line":17,"column":30}},"type":"if","locations":[{"start":{"line":17,"column":4},"end":{"line":17,"column":30}},{"start":{},"end":{}}],"line":17}},"s":{"0":1,"1":1,"2":1,"3":0,"4":4,"5":1,"6":3,"7":12,"8":5,"9":1,"10":4,"11":4,"12":10,"13":18,"14":2,"15":1},"f":{"0":1,"1":1,"2":4,"3":12,"4":5,"5":10,"6":18,"7":2},"b":{"0":[1,0],"1":[1,1],"2":[0,1],"3":[1,3],"4":[1,4]},"_coverageSchema":"1a1c01bbd47fc00a2c39e90264f33305004495a9","hash":"ca018f2244e4ba3ba532e3ba11b8f180d97fbc84"}
}
