TN:
SF:js\dataService.js
FN:1,(anonymous_0)
FN:9,(anonymous_1)
FN:10,fetchImages
FNF:3
FNH:3
FNDA:1,(anonymous_0)
FNDA:1,(anonymous_1)
FNDA:3,fetchImages
DA:1,1
DA:2,1
DA:4,1
DA:7,0
DA:11,3
DA:12,2
DA:13,1
DA:15,1
DA:18,1
LF:9
LH:8
BRDA:2,0,0,1
BRDA:2,0,1,0
BRDA:2,1,0,1
BRDA:2,1,1,1
BRDA:9,2,0,0
BRDA:9,2,1,1
BRDA:12,3,0,1
BRDA:12,3,1,1
BRF:8
BRH:6
end_of_record
TN:
SF:js\filterService.js
FN:1,(anonymous_0)
FN:9,(anonymous_1)
FN:10,filterByCategory
FN:12,(anonymous_3)
FN:16,filterBySearch
FN:19,(anonymous_5)
FN:20,(anonymous_6)
FN:25,filterImages
FNF:8
FNH:8
FNDA:1,(anonymous_0)
FNDA:1,(anonymous_1)
FNDA:4,filterByCategory
FNDA:12,(anonymous_3)
FNDA:5,filterBySearch
FNDA:10,(anonymous_5)
FNDA:18,(anonymous_6)
FNDA:2,filterImages
DA:1,1
DA:2,1
DA:4,1
DA:7,0
DA:11,4
DA:12,12
DA:17,5
DA:18,4
DA:19,4
DA:20,18
DA:26,2
DA:29,1
LF:12
LH:11
BRDA:2,0,0,1
BRDA:2,0,1,0
BRDA:2,1,0,1
BRDA:2,1,1,1
BRDA:9,2,0,0
BRDA:9,2,1,1
BRDA:11,3,0,1
BRDA:11,3,1,3
BRDA:17,4,0,1
BRDA:17,4,1,4
BRF:10
BRH:8
end_of_record
