TN:
SF:js\dataService.js
FN:1,fetchImages
FNF:1
FNH:1
FNDA:4,fetchImages
DA:2,4
DA:3,3
DA:4,1
DA:6,2
DA:9,1
DA:10,1
LF:6
LH:6
BRDA:3,0,0,1
BRDA:3,0,1,2
BRDA:9,1,0,1
BRDA:9,1,1,0
BRDA:9,2,0,1
BRDA:9,2,1,1
BRF:6
BRH:5
end_of_record
TN:
SF:js\filterService.js
FN:1,filterByCategory
FN:3,(anonymous_1)
FN:7,filterBySearch
FN:10,(anonymous_3)
FN:11,(anonymous_4)
FN:16,filterImages
FNF:6
FNH:6
FNDA:5,filterByCategory
FNDA:12,(anonymous_1)
FNDA:7,filterBySearch
FNDA:14,(anonymous_3)
FNDA:26,(anonymous_4)
FNDA:3,filterImages
DA:2,5
DA:3,12
DA:8,7
DA:9,5
DA:10,5
DA:11,26
DA:17,3
DA:20,1
DA:21,1
LF:9
LH:9
BRDA:2,0,0,2
BRDA:2,0,1,3
BRDA:8,1,0,2
BRDA:8,1,1,5
BRDA:20,2,0,1
BRDA:20,2,1,0
BRDA:20,3,0,1
BRDA:20,3,1,1
BRF:8
BRH:7
end_of_record
